<?xml version="1.0" encoding="UTF-8"?>
<testng-results skipped="0" failed="0" ignored="0" total="2" passed="2">
  <reporter-output>
  </reporter-output>
  <suite name="multiplebrowser" duration-ms="49692" started-at="2018-01-25T06:55:32Z" finished-at="2018-01-25T06:56:21Z">
    <groups>
    </groups>
    <test name="FirefoxTest" duration-ms="27568" started-at="2018-01-25T06:55:32Z" finished-at="2018-01-25T06:55:59Z">
      <class name="com.instawork.in.TestCase.TestGetLinks">
        <test-method status="PASS" signature="setUp(java.lang.String)[pri:0, instance:com.instawork.in.TestCase.TestGetLinks@1cd072a9]" name="setUp" is-config="true" duration-ms="8738" started-at="2018-01-25T12:25:32Z" finished-at="2018-01-25T12:25:41Z">
          <params>
            <param index="0">
              <value>
                <![CDATA[firefox]]>
              </value>
            </param>
          </params>
          <reporter-output>
          </reporter-output>
        </test-method> <!-- setUp -->
        <test-method status="PASS" signature="testGetLinks()[pri:0, instance:com.instawork.in.TestCase.TestGetLinks@1cd072a9]" name="testGetLinks" duration-ms="18695" started-at="2018-01-25T12:25:41Z" finished-at="2018-01-25T12:25:59Z">
          <reporter-output>
          </reporter-output>
        </test-method> <!-- testGetLinks -->
        <test-method status="PASS" signature="tearDown()[pri:0, instance:com.instawork.in.TestCase.TestGetLinks@1cd072a9]" name="tearDown" is-config="true" duration-ms="120" started-at="2018-01-25T12:25:59Z" finished-at="2018-01-25T12:25:59Z">
          <reporter-output>
          </reporter-output>
        </test-method> <!-- tearDown -->
      </class> <!-- com.instawork.in.TestCase.TestGetLinks -->
    </test> <!-- FirefoxTest -->
    <test name="chrometest" duration-ms="22095" started-at="2018-01-25T06:55:59Z" finished-at="2018-01-25T06:56:21Z">
      <class name="com.instawork.in.TestCase.TestGetLinks">
        <test-method status="PASS" signature="setUp(java.lang.String)[pri:0, instance:com.instawork.in.TestCase.TestGetLinks@39ba5a14]" name="setUp" is-config="true" duration-ms="6440" started-at="2018-01-25T12:25:59Z" finished-at="2018-01-25T12:26:06Z">
          <params>
            <param index="0">
              <value>
                <![CDATA[chrome]]>
              </value>
            </param>
          </params>
          <reporter-output>
          </reporter-output>
        </test-method> <!-- setUp -->
        <test-method status="PASS" signature="testGetLinks()[pri:0, instance:com.instawork.in.TestCase.TestGetLinks@39ba5a14]" name="testGetLinks" duration-ms="15577" started-at="2018-01-25T12:26:06Z" finished-at="2018-01-25T12:26:21Z">
          <reporter-output>
          </reporter-output>
        </test-method> <!-- testGetLinks -->
        <test-method status="PASS" signature="tearDown()[pri:0, instance:com.instawork.in.TestCase.TestGetLinks@39ba5a14]" name="tearDown" is-config="true" duration-ms="77" started-at="2018-01-25T12:26:21Z" finished-at="2018-01-25T12:26:21Z">
          <reporter-output>
          </reporter-output>
        </test-method> <!-- tearDown -->
      </class> <!-- com.instawork.in.TestCase.TestGetLinks -->
    </test> <!-- chrometest -->
  </suite> <!-- multiplebrowser -->
</testng-results>
